Using pre-set license
Built from '2021.3/staging' branch; Version is '2021.3.45f1 (0da89fac8e79) revision 895135'; Using compiler version '192829333'; Build Type 'Release'
OS: 'Windows 11  (10.0.26100) 64bit Professional' Language: 'en' Physical Memory: 28565 MB
BatchMode: 1, IsHumanControllingUs: 0, StartBugReporterOnCrash: 0, Is64bit: 1, IsPro: 1

COMMAND LINE ARGUMENTS:
C:\Program Files\Unity\Hub\Editor\2021.3.45f1\Editor\Unity.exe
-adb2
-batchMode
-noUpm
-name
AssetImportWorker0
-projectPath
D:/Others/Job Applications/Gamigo/Unity Project/UnityDevTask
-logFile
Logs/AssetImportWorker0.log
-srvPort
61176
Successfully changed project path to: D:/Others/Job Applications/Gamigo/Unity Project/UnityDevTask
D:/Others/Job Applications/Gamigo/Unity Project/UnityDevTask
[UnityMemory] Configuration Parameters - Can be set up in boot.config
    "memorysetup-bucket-allocator-granularity=16"
    "memorysetup-bucket-allocator-bucket-count=8"
    "memorysetup-bucket-allocator-block-size=33554432"
    "memorysetup-bucket-allocator-block-count=8"
    "memorysetup-main-allocator-block-size=16777216"
    "memorysetup-thread-allocator-block-size=16777216"
    "memorysetup-gfx-main-allocator-block-size=16777216"
    "memorysetup-gfx-thread-allocator-block-size=16777216"
    "memorysetup-cache-allocator-block-size=4194304"
    "memorysetup-typetree-allocator-block-size=2097152"
    "memorysetup-profiler-bucket-allocator-granularity=16"
    "memorysetup-profiler-bucket-allocator-bucket-count=8"
    "memorysetup-profiler-bucket-allocator-block-size=33554432"
    "memorysetup-profiler-bucket-allocator-block-count=8"
    "memorysetup-profiler-allocator-block-size=16777216"
    "memorysetup-profiler-editor-allocator-block-size=1048576"
    "memorysetup-temp-allocator-size-main=16777216"
    "memorysetup-job-temp-allocator-block-size=2097152"
    "memorysetup-job-temp-allocator-block-size-background=1048576"
    "memorysetup-job-temp-allocator-reduction-small-platforms=262144"
    "memorysetup-temp-allocator-size-background-worker=32768"
    "memorysetup-temp-allocator-size-job-worker=262144"
    "memorysetup-temp-allocator-size-preload-manager=33554432"
    "memorysetup-temp-allocator-size-nav-mesh-worker=65536"
    "memorysetup-temp-allocator-size-audio-worker=65536"
    "memorysetup-temp-allocator-size-cloud-worker=32768"
    "memorysetup-temp-allocator-size-gi-baking-worker=262144"
    "memorysetup-temp-allocator-size-gfx=262144"
Player connection [22372] Host "[IP] 192.168.1.6 [Port] 0 [Flags] 2 [Guid] 639839787 [EditorId] 639839787 [Version] 1048832 [Id] WindowsEditor(7,DESKTOP-TFOHBUN) [Debug] 1 [PackageName] WindowsEditor [ProjectName] Editor" joined multi-casting on [225.0.0.222:54997]...

Player connection [22372] Host "[IP] 192.168.1.6 [Port] 0 [Flags] 2 [Guid] 639839787 [EditorId] 639839787 [Version] 1048832 [Id] WindowsEditor(7,DESKTOP-TFOHBUN) [Debug] 1 [PackageName] WindowsEditor [ProjectName] Editor" joined alternative multi-casting on [225.0.0.222:34997]...

[Physics::Module] Initialized MultithreadedJobDispatcher with {0} workers.
Refreshing native plugins compatible for Editor in 62.12 ms, found 4 plugins.
Preloading 0 native plugins for Editor in 0.00 ms.
Initialize engine version: 2021.3.45f1 (0da89fac8e79)
[Subsystems] Discovering subsystems at path C:/Program Files/Unity/Hub/Editor/2021.3.45f1/Editor/Data/Resources/UnitySubsystems
[Subsystems] Discovering subsystems at path D:/Others/Job Applications/Gamigo/Unity Project/UnityDevTask/Assets
GfxDevice: creating device client; threaded=0; jobified=0
Direct3D:
    Version:  Direct3D 11.0 [level 11.1]
    Renderer: NVIDIA GeForce RTX 4060 (ID=0x2882)
    Vendor:   NVIDIA
    VRAM:     7956 MB
    Driver:   32.0.15.9174
Initialize mono
Mono path[0] = 'C:/Program Files/Unity/Hub/Editor/2021.3.45f1/Editor/Data/Managed'
Mono path[1] = 'C:/Program Files/Unity/Hub/Editor/2021.3.45f1/Editor/Data/MonoBleedingEdge/lib/mono/unityjit-win32'
Mono config path = 'C:/Program Files/Unity/Hub/Editor/2021.3.45f1/Editor/Data/MonoBleedingEdge/etc'
Using monoOptions --debugger-agent=transport=dt_socket,embedding=1,server=y,suspend=n,address=127.0.0.1:56344
Begin MonoManager ReloadAssembly
Registering precompiled unity dll's ...
Register platform support module: C:/Program Files/Unity/Hub/Editor/2021.3.45f1/Editor/Data/PlaybackEngines/WindowsStandaloneSupport/UnityEditor.WindowsStandalone.Extensions.dll
Registered in 0.003235 seconds.
Native extension for WindowsStandalone target not found
Refreshing native plugins compatible for Editor in 65.07 ms, found 4 plugins.
Preloading 0 native plugins for Editor in 0.00 ms.
Mono: successfully reloaded assembly
- Completed reload, in  0.504 seconds
Domain Reload Profiling:
	ReloadAssembly (505ms)
		BeginReloadAssembly (72ms)
			ExecutionOrderSort (0ms)
			DisableScriptedObjects (0ms)
			BackupInstance (0ms)
			ReleaseScriptingObjects (0ms)
			CreateAndSetChildDomain (1ms)
		EndReloadAssembly (357ms)
			LoadAssemblies (70ms)
			RebuildTransferFunctionScriptingTraits (0ms)
			SetupTypeCache (83ms)
			ReleaseScriptCaches (0ms)
			RebuildScriptCaches (20ms)
			SetupLoadedEditorAssemblies (220ms)
				LogAssemblyErrors (0ms)
				InitializePlatformSupportModulesInManaged (8ms)
				SetLoadedEditorAssemblies (0ms)
				RefreshPlugins (65ms)
				BeforeProcessingInitializeOnLoad (1ms)
				ProcessInitializeOnLoadAttributes (108ms)
				ProcessInitializeOnLoadMethodAttributes (38ms)
				AfterProcessingInitializeOnLoad (0ms)
				EditorAssembliesLoaded (0ms)
			ExecutionOrderSort2 (0ms)
			AwakeInstancesAfterBackupRestoration (0ms)
Platform modules already initialized, skipping
Registering precompiled user dll's ...
Registered in 0.003338 seconds.
Begin MonoManager ReloadAssembly
Native extension for WindowsStandalone target not found
Refreshing native plugins compatible for Editor in 66.21 ms, found 4 plugins.
Preloading 0 native plugins for Editor in 0.00 ms.
Package Manager log level set to [2]
[Package Manager] Server::EnsureServerProcessIsRunning -- launch failed, reason: Unity was launched with the -noUpm command-line argument
[Package Manager] Cannot connect to Unity Package Manager local server
Mono: successfully reloaded assembly
- Completed reload, in  1.550 seconds
Domain Reload Profiling:
	ReloadAssembly (1550ms)
		BeginReloadAssembly (100ms)
			ExecutionOrderSort (0ms)
			DisableScriptedObjects (5ms)
			BackupInstance (0ms)
			ReleaseScriptingObjects (0ms)
			CreateAndSetChildDomain (17ms)
		EndReloadAssembly (1369ms)
			LoadAssemblies (73ms)
			RebuildTransferFunctionScriptingTraits (0ms)
			SetupTypeCache (251ms)
			ReleaseScriptCaches (1ms)
			RebuildScriptCaches (59ms)
			SetupLoadedEditorAssemblies (956ms)
				LogAssemblyErrors (0ms)
				InitializePlatformSupportModulesInManaged (4ms)
				SetLoadedEditorAssemblies (0ms)
				RefreshPlugins (66ms)
				BeforeProcessingInitializeOnLoad (69ms)
				ProcessInitializeOnLoadAttributes (737ms)
				ProcessInitializeOnLoadMethodAttributes (70ms)
				AfterProcessingInitializeOnLoad (10ms)
				EditorAssembliesLoaded (0ms)
			ExecutionOrderSort2 (0ms)
			AwakeInstancesAfterBackupRestoration (5ms)
Platform modules already initialized, skipping
========================================================================
Worker process is ready to serve import requests
Launched and connected shader compiler UnityShaderCompiler.exe after 0.03 seconds
Refreshing native plugins compatible for Editor in 0.83 ms, found 4 plugins.
Preloading 0 native plugins for Editor in 0.00 ms.
Unloading 5253 Unused Serialized files (Serialized files now loaded: 0)
Unloading 42 unused Assets / (0.7 MB). Loaded Objects now: 5703.
Memory consumption went from 207.0 MB to 206.3 MB.
Total: 4.324000 ms (FindLiveObjects: 0.389100 ms CreateObjectMapping: 0.339100 ms MarkObjects: 3.218800 ms  DeleteObjects: 0.375000 ms)

AssetImportParameters requested are different than current active one (requested -> active):
  custom:video-decoder-ogg-theora: a1e56fd34408186e4bbccfd4996cb3dc -> 
  custom:container-muxer-webm: aa71ff27fc2769a1b78a27578f13a17b -> 
  custom:container-demuxer-webm: 4f35f7cbe854078d1ac9338744f61a02 -> 
  custom:video-encoder-webm-vp8: eb34c28f22e8b96e1ab97ce403110664 -> 
  custom:video-codec-MediaFoundation-h265: 746d11721c4dcdbdad8f713fa42b33f4 -> 
  custom:CustomObjectIndexerAttribute: 6b0e35c9178b02a6363f3721b7b8e397 -> 
  custom:audio-encoder-webm-vorbis: bf7c407c2cedff20999df2af8eb42d56 -> 
  custom:framework-win-MediaFoundation: 216162199b28c13a410421893ffa2e32 -> 
  custom:SearchIndexIgnoredProperties: e643bd26f0fe6173181afceb89e7c659 -> 
  custom:container-demuxer-ogg: 62fdf1f143b41e24485cea50d1cbac27 -> 
  custom:video-decoder-webm-vp8: 9c59270c3fd7afecdb556c50c9e8de78 -> 
  custom:audio-decoder-ogg-vorbis: bf7c407c2cedff20999df2af8eb42d56 -> 
========================================================================
Received Import Request.
  Time since last request: 1425.718277 seconds.
  path: Assets/Test Tasks/Editable
  artifactKey: Guid(4392a1e6c8cb0e44095c96c9429b6a48) Importer(815301076,1909f56bfc062723c751e8b465ee728b)
Number of updated assets reloaded before import = 0
Start importing Assets/Test Tasks/Editable using Guid(4392a1e6c8cb0e44095c96c9429b6a48) Importer(815301076,1909f56bfc062723c751e8b465ee728b)  -> (artifact id: '525f14ab4e2f2c322a7fa927adda150c') in 0.009554 seconds 
Number of asset objects unloaded after import = 0
========================================================================
Received Import Request.
  Time since last request: 0.000020 seconds.
  path: Assets/Test Tasks
  artifactKey: Guid(a12ba6c90e6303a4286c5bf6aa489bef) Importer(815301076,1909f56bfc062723c751e8b465ee728b)
Number of updated assets reloaded before import = 0
Start importing Assets/Test Tasks using Guid(a12ba6c90e6303a4286c5bf6aa489bef) Importer(815301076,1909f56bfc062723c751e8b465ee728b)  -> (artifact id: '2c0e9e47945eabd8330d94c0dc930788') in 0.000763 seconds 
Number of asset objects unloaded after import = 0
========================================================================
Received Import Request.
  Time since last request: 0.809896 seconds.
  path: Assets/Test Tasks/Graphics/Dragon.png
  artifactKey: Guid(9aaef9aec044d5742b12afa544013143) Importer(815301076,1909f56bfc062723c751e8b465ee728b)
Number of updated assets reloaded before import = 0
Start importing Assets/Test Tasks/Graphics/Dragon.png using Guid(9aaef9aec044d5742b12afa544013143) Importer(815301076,1909f56bfc062723c751e8b465ee728b)  -> (artifact id: 'dd922edb7e5c79520dee74e284612f1b') in 0.209315 seconds 
Number of asset objects unloaded after import = 3
========================================================================
Received Import Request.
  Time since last request: 0.466643 seconds.
  path: Assets/Test Tasks/Graphics/Goblin.png
  artifactKey: Guid(14d1bd72d001df345a1cbc0291035e13) Importer(815301076,1909f56bfc062723c751e8b465ee728b)
Number of updated assets reloaded before import = 0
Start importing Assets/Test Tasks/Graphics/Goblin.png using Guid(14d1bd72d001df345a1cbc0291035e13) Importer(815301076,1909f56bfc062723c751e8b465ee728b)  -> (artifact id: '6e3509985ac0a20bbdd60b2d0c6d63f8') in 0.104148 seconds 
Number of asset objects unloaded after import = 3
========================================================================
Received Import Request.
  Time since last request: 0.840843 seconds.
  path: Assets/Test Tasks/Graphics/Orc.png
  artifactKey: Guid(0354054eb176b7c4e9826943dfa6bc6e) Importer(815301076,1909f56bfc062723c751e8b465ee728b)
Number of updated assets reloaded before import = 0
Start importing Assets/Test Tasks/Graphics/Orc.png using Guid(0354054eb176b7c4e9826943dfa6bc6e) Importer(815301076,1909f56bfc062723c751e8b465ee728b)  -> (artifact id: 'c965488018124114476dbc30bfc403ad') in 0.110654 seconds 
Number of asset objects unloaded after import = 3
========================================================================
Received Import Request.
  Time since last request: 0.210763 seconds.
  path: Assets/Test Tasks/Graphics/Skeleton.png
  artifactKey: Guid(567b99777f32ae84bbac36d86548d562) Importer(815301076,1909f56bfc062723c751e8b465ee728b)
Number of updated assets reloaded before import = 0
Start importing Assets/Test Tasks/Graphics/Skeleton.png using Guid(567b99777f32ae84bbac36d86548d562) Importer(815301076,1909f56bfc062723c751e8b465ee728b)  -> (artifact id: '22c962e8c659bb1757fde558b7cddd81') in 0.111670 seconds 
Number of asset objects unloaded after import = 3
========================================================================
Received Import Request.
  Time since last request: 0.036456 seconds.
  path: Assets/Test Tasks/Graphics/Square.png
  artifactKey: Guid(1396998a12c610944835fc8c0b829fc8) Importer(815301076,1909f56bfc062723c751e8b465ee728b)
Number of updated assets reloaded before import = 0
Start importing Assets/Test Tasks/Graphics/Square.png using Guid(1396998a12c610944835fc8c0b829fc8) Importer(815301076,1909f56bfc062723c751e8b465ee728b)  -> (artifact id: '9cde55cda0ac4a718631ea1cd1124a07') in 0.008996 seconds 
Number of asset objects unloaded after import = 3
========================================================================
Received Import Request.
  Time since last request: 0.178258 seconds.
  path: Assets/Test Tasks/Graphics/Troll.png
  artifactKey: Guid(d7bbe7b5afc3179478ed2f03b329db21) Importer(815301076,1909f56bfc062723c751e8b465ee728b)
Number of updated assets reloaded before import = 0
Start importing Assets/Test Tasks/Graphics/Troll.png using Guid(d7bbe7b5afc3179478ed2f03b329db21) Importer(815301076,1909f56bfc062723c751e8b465ee728b)  -> (artifact id: 'a3a50ccfae2da7adf8db8962ca8c04c0') in 0.113907 seconds 
Number of asset objects unloaded after import = 3
========================================================================
Received Import Request.
  Time since last request: 5.035911 seconds.
  path: Assets/Test Tasks/Non-Editable
  artifactKey: Guid(7f98fa597bbfc3b4380ae9554c2e1737) Importer(815301076,1909f56bfc062723c751e8b465ee728b)
Number of updated assets reloaded before import = 0
Start importing Assets/Test Tasks/Non-Editable using Guid(7f98fa597bbfc3b4380ae9554c2e1737) Importer(815301076,1909f56bfc062723c751e8b465ee728b)  -> (artifact id: '4cc79d749fdbf6b6768a03f07012716b') in 0.000853 seconds 
Number of asset objects unloaded after import = 0
========================================================================
Received Import Request.
  Time since last request: 0.373224 seconds.
  path: Assets/Test Tasks/Scenes
  artifactKey: Guid(26001df994d939743b4f624fd4373079) Importer(815301076,1909f56bfc062723c751e8b465ee728b)
Number of updated assets reloaded before import = 0
Start importing Assets/Test Tasks/Scenes using Guid(26001df994d939743b4f624fd4373079) Importer(815301076,1909f56bfc062723c751e8b465ee728b)  -> (artifact id: '2cf45e12e76cb4ec2e36c5a8b4c630d2') in 0.000679 seconds 
Number of asset objects unloaded after import = 0
========================================================================
Received Import Request.
  Time since last request: 0.508511 seconds.
  path: Assets/UniversalRenderPipelineGlobalSettings.asset
  artifactKey: Guid(2afce8a46e8ad8e45b0f3c6c3d33cac2) Importer(815301076,1909f56bfc062723c751e8b465ee728b)
Number of updated assets reloaded before import = 0
Start importing Assets/UniversalRenderPipelineGlobalSettings.asset using Guid(2afce8a46e8ad8e45b0f3c6c3d33cac2) Importer(815301076,1909f56bfc062723c751e8b465ee728b)  -> (artifact id: '3997e4798adca72962be4e87a721495c') in 0.004934 seconds 
Number of asset objects unloaded after import = 1
========================================================================
Received Import Request.
  Time since last request: 3.569361 seconds.
  path: Assets/Test Tasks/Non-Editable/ClientManager.cs
  artifactKey: Guid(b61eec4f60d0ea54cabb3185e7bb421f) Importer(815301076,1909f56bfc062723c751e8b465ee728b)
Number of updated assets reloaded before import = 0
Start importing Assets/Test Tasks/Non-Editable/ClientManager.cs using Guid(b61eec4f60d0ea54cabb3185e7bb421f) Importer(815301076,1909f56bfc062723c751e8b465ee728b)  -> (artifact id: 'c9c9ea94d11a59239c129a8700be16c7') in 0.005747 seconds 
Number of asset objects unloaded after import = 0
========================================================================
Received Import Request.
  Time since last request: 7.655452 seconds.
  path: Assets/Test Tasks/Non-Editable/MonsterData.cs
  artifactKey: Guid(71a57997ea5b71146b7db4adb38ba33f) Importer(815301076,1909f56bfc062723c751e8b465ee728b)
Number of updated assets reloaded before import = 0
Start importing Assets/Test Tasks/Non-Editable/MonsterData.cs using Guid(71a57997ea5b71146b7db4adb38ba33f) Importer(815301076,1909f56bfc062723c751e8b465ee728b)  -> (artifact id: '460efca161f66f826554ca2cae871f27') in 0.000755 seconds 
Number of asset objects unloaded after import = 0
========================================================================
Received Import Request.
  Time since last request: 2.077102 seconds.
  path: Assets/Test Tasks/Non-Editable/MonsterNameExtensions.cs
  artifactKey: Guid(4d72fe978e87c4e4e8cf5b2eb435a1a1) Importer(815301076,1909f56bfc062723c751e8b465ee728b)
Number of updated assets reloaded before import = 0
Start importing Assets/Test Tasks/Non-Editable/MonsterNameExtensions.cs using Guid(4d72fe978e87c4e4e8cf5b2eb435a1a1) Importer(815301076,1909f56bfc062723c751e8b465ee728b)  -> (artifact id: 'b8f66cf24bd24bb6acd06cf4939c5ae1') in 0.000678 seconds 
Number of asset objects unloaded after import = 0
========================================================================
Received Import Request.
  Time since last request: 0.820215 seconds.
  path: Assets/Test Tasks/Non-Editable/Packet.cs
  artifactKey: Guid(ee439d8347b478f439fb98d82a2ba247) Importer(815301076,1909f56bfc062723c751e8b465ee728b)
Number of updated assets reloaded before import = 0
Start importing Assets/Test Tasks/Non-Editable/Packet.cs using Guid(ee439d8347b478f439fb98d82a2ba247) Importer(815301076,1909f56bfc062723c751e8b465ee728b)  -> (artifact id: 'e7cf0efc9bf7ce5ee493cb5254bc470b') in 0.000744 seconds 
Number of asset objects unloaded after import = 0
========================================================================
Received Import Request.
  Time since last request: 1.221732 seconds.
  path: Assets/Test Tasks/Non-Editable/ServerMock.cs
  artifactKey: Guid(7c2e6fe82587cef4cac47ebb2d2a6803) Importer(815301076,1909f56bfc062723c751e8b465ee728b)
Number of updated assets reloaded before import = 0
Start importing Assets/Test Tasks/Non-Editable/ServerMock.cs using Guid(7c2e6fe82587cef4cac47ebb2d2a6803) Importer(815301076,1909f56bfc062723c751e8b465ee728b)  -> (artifact id: 'a4b266f74a183c1f7d5f0ead50a2f402') in 0.000773 seconds 
Number of asset objects unloaded after import = 0
========================================================================
Received Import Request.
  Time since last request: 0.768494 seconds.
  path: Assets/Test Tasks/Non-Editable/ServerColors.cs
  artifactKey: Guid(dc0a2b56287174a40a471c0209a1d761) Importer(815301076,1909f56bfc062723c751e8b465ee728b)
Number of updated assets reloaded before import = 0
Start importing Assets/Test Tasks/Non-Editable/ServerColors.cs using Guid(dc0a2b56287174a40a471c0209a1d761) Importer(815301076,1909f56bfc062723c751e8b465ee728b)  -> (artifact id: '4796fb575e28da24f1e791a2ea7187bb') in 0.000699 seconds 
Number of asset objects unloaded after import = 0
========================================================================
Received Import Request.
  Time since last request: 5.304904 seconds.
  path: Assets/Test Tasks/Scenes/TaskScene.unity
  artifactKey: Guid(a8a1f31aff7d38940a6b97e6566a0584) Importer(815301076,1909f56bfc062723c751e8b465ee728b)
Number of updated assets reloaded before import = 0
Start importing Assets/Test Tasks/Scenes/TaskScene.unity using Guid(a8a1f31aff7d38940a6b97e6566a0584) Importer(815301076,1909f56bfc062723c751e8b465ee728b)  -> (artifact id: 'a14e8389573892bc6cb9f9c3df958b0b') in 0.000821 seconds 
Number of asset objects unloaded after import = 0
========================================================================
Received Prepare
Registering precompiled user dll's ...
Registered in 0.003311 seconds.
Begin MonoManager ReloadAssembly
Native extension for WindowsStandalone target not found
Refreshing native plugins compatible for Editor in 0.85 ms, found 4 plugins.
Preloading 0 native plugins for Editor in 0.00 ms.
[Package Manager] Server::EnsureServerProcessIsRunning -- launch failed, reason: Unity was launched with the -noUpm command-line argument
[Package Manager] Cannot connect to Unity Package Manager local server
Mono: successfully reloaded assembly
- Completed reload, in  1.394 seconds
Domain Reload Profiling:
	ReloadAssembly (1394ms)
		BeginReloadAssembly (120ms)
			ExecutionOrderSort (0ms)
			DisableScriptedObjects (8ms)
			BackupInstance (0ms)
			ReleaseScriptingObjects (0ms)
			CreateAndSetChildDomain (36ms)
		EndReloadAssembly (1199ms)
			LoadAssemblies (72ms)
			RebuildTransferFunctionScriptingTraits (0ms)
			SetupTypeCache (213ms)
			ReleaseScriptCaches (2ms)
			RebuildScriptCaches (39ms)
			SetupLoadedEditorAssemblies (847ms)
				LogAssemblyErrors (0ms)
				InitializePlatformSupportModulesInManaged (4ms)
				SetLoadedEditorAssemblies (0ms)
				RefreshPlugins (1ms)
				BeforeProcessingInitializeOnLoad (51ms)
				ProcessInitializeOnLoadAttributes (725ms)
				ProcessInitializeOnLoadMethodAttributes (59ms)
				AfterProcessingInitializeOnLoad (6ms)
				EditorAssembliesLoaded (0ms)
			ExecutionOrderSort2 (0ms)
			AwakeInstancesAfterBackupRestoration (7ms)
Platform modules already initialized, skipping
Refreshing native plugins compatible for Editor in 1.23 ms, found 4 plugins.
Preloading 0 native plugins for Editor in 0.00 ms.
Unloading 5134 Unused Serialized files (Serialized files now loaded: 0)
Unloading 44 unused Assets / (1.3 MB). Loaded Objects now: 5715.
Memory consumption went from 203.7 MB to 202.4 MB.
Total: 4.269400 ms (FindLiveObjects: 0.459300 ms CreateObjectMapping: 0.434000 ms MarkObjects: 2.888500 ms  DeleteObjects: 0.486900 ms)

AssetImportParameters requested are different than current active one (requested -> active):
  custom:video-decoder-ogg-theora: a1e56fd34408186e4bbccfd4996cb3dc -> 
  custom:container-muxer-webm: aa71ff27fc2769a1b78a27578f13a17b -> 
  custom:container-demuxer-webm: 4f35f7cbe854078d1ac9338744f61a02 -> 
  custom:video-encoder-webm-vp8: eb34c28f22e8b96e1ab97ce403110664 -> 
  custom:video-codec-MediaFoundation-h265: 746d11721c4dcdbdad8f713fa42b33f4 -> 
  custom:CustomObjectIndexerAttribute: 6b0e35c9178b02a6363f3721b7b8e397 -> 
  custom:audio-encoder-webm-vorbis: bf7c407c2cedff20999df2af8eb42d56 -> 
  custom:framework-win-MediaFoundation: 216162199b28c13a410421893ffa2e32 -> 
  custom:SearchIndexIgnoredProperties: e643bd26f0fe6173181afceb89e7c659 -> 
  custom:container-demuxer-ogg: 62fdf1f143b41e24485cea50d1cbac27 -> 
  custom:video-decoder-webm-vp8: 9c59270c3fd7afecdb556c50c9e8de78 -> 
  custom:audio-decoder-ogg-vorbis: bf7c407c2cedff20999df2af8eb42d56 -> 
========================================================================
Received Prepare
Registering precompiled user dll's ...
Registered in 0.002911 seconds.
Begin MonoManager ReloadAssembly
Native extension for WindowsStandalone target not found
Refreshing native plugins compatible for Editor in 1.13 ms, found 4 plugins.
Preloading 0 native plugins for Editor in 0.00 ms.
[Package Manager] Server::EnsureServerProcessIsRunning -- launch failed, reason: Unity was launched with the -noUpm command-line argument
[Package Manager] Cannot connect to Unity Package Manager local server
Mono: successfully reloaded assembly
- Completed reload, in  1.453 seconds
Domain Reload Profiling:
	ReloadAssembly (1454ms)
		BeginReloadAssembly (133ms)
			ExecutionOrderSort (0ms)
			DisableScriptedObjects (6ms)
			BackupInstance (0ms)
			ReleaseScriptingObjects (0ms)
			CreateAndSetChildDomain (39ms)
		EndReloadAssembly (1237ms)
			LoadAssemblies (82ms)
			RebuildTransferFunctionScriptingTraits (0ms)
			SetupTypeCache (226ms)
			ReleaseScriptCaches (2ms)
			RebuildScriptCaches (40ms)
			SetupLoadedEditorAssemblies (866ms)
				LogAssemblyErrors (0ms)
				InitializePlatformSupportModulesInManaged (5ms)
				SetLoadedEditorAssemblies (0ms)
				RefreshPlugins (1ms)
				BeforeProcessingInitializeOnLoad (53ms)
				ProcessInitializeOnLoadAttributes (739ms)
				ProcessInitializeOnLoadMethodAttributes (60ms)
				AfterProcessingInitializeOnLoad (7ms)
				EditorAssembliesLoaded (0ms)
			ExecutionOrderSort2 (0ms)
			AwakeInstancesAfterBackupRestoration (8ms)
Platform modules already initialized, skipping
Refreshing native plugins compatible for Editor in 0.90 ms, found 4 plugins.
Preloading 0 native plugins for Editor in 0.00 ms.
Unloading 5134 Unused Serialized files (Serialized files now loaded: 0)
Unloading 44 unused Assets / (1.4 MB). Loaded Objects now: 5718.
Memory consumption went from 203.8 MB to 202.4 MB.
Total: 4.449300 ms (FindLiveObjects: 0.338900 ms CreateObjectMapping: 0.342300 ms MarkObjects: 3.269300 ms  DeleteObjects: 0.497900 ms)

AssetImportParameters requested are different than current active one (requested -> active):
  custom:video-decoder-ogg-theora: a1e56fd34408186e4bbccfd4996cb3dc -> 
  custom:container-muxer-webm: aa71ff27fc2769a1b78a27578f13a17b -> 
  custom:container-demuxer-webm: 4f35f7cbe854078d1ac9338744f61a02 -> 
  custom:video-encoder-webm-vp8: eb34c28f22e8b96e1ab97ce403110664 -> 
  custom:video-codec-MediaFoundation-h265: 746d11721c4dcdbdad8f713fa42b33f4 -> 
  custom:CustomObjectIndexerAttribute: 6b0e35c9178b02a6363f3721b7b8e397 -> 
  custom:audio-encoder-webm-vorbis: bf7c407c2cedff20999df2af8eb42d56 -> 
  custom:framework-win-MediaFoundation: 216162199b28c13a410421893ffa2e32 -> 
  custom:SearchIndexIgnoredProperties: e643bd26f0fe6173181afceb89e7c659 -> 
  custom:container-demuxer-ogg: 62fdf1f143b41e24485cea50d1cbac27 -> 
  custom:video-decoder-webm-vp8: 9c59270c3fd7afecdb556c50c9e8de78 -> 
  custom:audio-decoder-ogg-vorbis: bf7c407c2cedff20999df2af8eb42d56 -> 
========================================================================
Received Import Request.
  Time since last request: 122.281045 seconds.
  path: Assets/Test Tasks/Editable/ClientColors.cs
  artifactKey: Guid(6a4f114f59bd72046a447812221690c2) Importer(815301076,1909f56bfc062723c751e8b465ee728b)
Number of updated assets reloaded before import = 0
Start importing Assets/Test Tasks/Editable/ClientColors.cs using Guid(6a4f114f59bd72046a447812221690c2) Importer(815301076,1909f56bfc062723c751e8b465ee728b)  -> (artifact id: '116e2006523efb2881705761dcab5ed2') in 0.015549 seconds 
Number of asset objects unloaded after import = 0
========================================================================
Received Import Request.
  Time since last request: 0.661334 seconds.
  path: Assets/Test Tasks/Editable/ClientMobsManager.cs
  artifactKey: Guid(cc03f01be9d18ee418ef0ad64ad8df31) Importer(815301076,1909f56bfc062723c751e8b465ee728b)
Number of updated assets reloaded before import = 0
Start importing Assets/Test Tasks/Editable/ClientMobsManager.cs using Guid(cc03f01be9d18ee418ef0ad64ad8df31) Importer(815301076,1909f56bfc062723c751e8b465ee728b)  -> (artifact id: '5ecc60fde2774675ef0c9ad1f2bf3293') in 0.001048 seconds 
Number of asset objects unloaded after import = 0
========================================================================
Received Import Request.
  Time since last request: 177.393225 seconds.
  path: Assets/Test Tasks/Editable/ClientPacketsHandler.cs
  artifactKey: Guid(ccf63915836bbb340a8f1a271cff7ec4) Importer(815301076,1909f56bfc062723c751e8b465ee728b)
Number of updated assets reloaded before import = 0
Start importing Assets/Test Tasks/Editable/ClientPacketsHandler.cs using Guid(ccf63915836bbb340a8f1a271cff7ec4) Importer(815301076,1909f56bfc062723c751e8b465ee728b)  -> (artifact id: '2b11d673df71b440a2e5fbdd898620ad') in 0.000823 seconds 
Number of asset objects unloaded after import = 0
========================================================================
Received Import Request.
  Time since last request: 42.401667 seconds.
  path: Assets/Test Tasks/Editable/ServerMobsManager.cs
  artifactKey: Guid(1282919ef03661c499b7487978042c92) Importer(815301076,1909f56bfc062723c751e8b465ee728b)
Number of updated assets reloaded before import = 0
Start importing Assets/Test Tasks/Editable/ServerMobsManager.cs using Guid(1282919ef03661c499b7487978042c92) Importer(815301076,1909f56bfc062723c751e8b465ee728b)  -> (artifact id: '1197ceaaf3cf2250f3951a6d3acf1d4d') in 0.000946 seconds 
Number of asset objects unloaded after import = 0
========================================================================
Received Import Request.
  Time since last request: 19.952561 seconds.
  path: Assets/Test Tasks/Editable/ServerPacketsHandler.cs
  artifactKey: Guid(c124c07a46cdb9344af23d9cbca83a58) Importer(815301076,1909f56bfc062723c751e8b465ee728b)
Number of updated assets reloaded before import = 0
Start importing Assets/Test Tasks/Editable/ServerPacketsHandler.cs using Guid(c124c07a46cdb9344af23d9cbca83a58) Importer(815301076,1909f56bfc062723c751e8b465ee728b)  -> (artifact id: 'e72cc798ed61fec52ac5fe6f7f1db10c') in 0.000986 seconds 
Number of asset objects unloaded after import = 0
========================================================================
Received Import Request.
  Time since last request: 9.431897 seconds.
  path: Assets/Test Tasks/Editable/PacketHandlerLookup.cs
  artifactKey: Guid(a8c3ccfd7cc1c3540a26998e180f91bb) Importer(815301076,1909f56bfc062723c751e8b465ee728b)
Number of updated assets reloaded before import = 0
Start importing Assets/Test Tasks/Editable/PacketHandlerLookup.cs using Guid(a8c3ccfd7cc1c3540a26998e180f91bb) Importer(815301076,1909f56bfc062723c751e8b465ee728b)  -> (artifact id: 'b15f35aac50ebfe820ccd40f18150a22') in 0.000782 seconds 
Number of asset objects unloaded after import = 0
========================================================================
Received Import Request.
  Time since last request: 2.803983 seconds.
  path: Assets/Test Tasks/Graphics
  artifactKey: Guid(ca42fe98081c9404898aa254c8eee51c) Importer(815301076,1909f56bfc062723c751e8b465ee728b)
Number of updated assets reloaded before import = 0
Start importing Assets/Test Tasks/Graphics using Guid(ca42fe98081c9404898aa254c8eee51c) Importer(815301076,1909f56bfc062723c751e8b465ee728b)  -> (artifact id: '04ba00943921135b20694ee93746f522') in 0.000742 seconds 
Number of asset objects unloaded after import = 0
========================================================================
Received Import Request.
  Time since last request: 4.041145 seconds.
  path: Assets/Test Tasks/Non-Editable/PacketLatencyMock.cs
  artifactKey: Guid(4e965fb0aa5293444804e4ca9e6b366c) Importer(815301076,1909f56bfc062723c751e8b465ee728b)
Number of updated assets reloaded before import = 0
Start importing Assets/Test Tasks/Non-Editable/PacketLatencyMock.cs using Guid(4e965fb0aa5293444804e4ca9e6b366c) Importer(815301076,1909f56bfc062723c751e8b465ee728b)  -> (artifact id: '71281542e17470daa7981d7a6feb2413') in 0.000799 seconds 
Number of asset objects unloaded after import = 0
========================================================================
Received Import Request.
  Time since last request: 0.162941 seconds.
  path: Assets/Test Tasks/Non-Editable/PacketReceiverClient.cs
  artifactKey: Guid(38e7ad20e550a2f41b420a74448f6caf) Importer(815301076,1909f56bfc062723c751e8b465ee728b)
Number of updated assets reloaded before import = 0
Start importing Assets/Test Tasks/Non-Editable/PacketReceiverClient.cs using Guid(38e7ad20e550a2f41b420a74448f6caf) Importer(815301076,1909f56bfc062723c751e8b465ee728b)  -> (artifact id: 'e1bf3c10162946e580abcd879990d79a') in 0.000785 seconds 
Number of asset objects unloaded after import = 0
========================================================================
Received Import Request.
  Time since last request: 0.162062 seconds.
  path: Assets/Test Tasks/Non-Editable/PacketReceiverServer.cs
  artifactKey: Guid(ceb88a6ff1a85bd418c34bda981af1da) Importer(815301076,1909f56bfc062723c751e8b465ee728b)
Number of updated assets reloaded before import = 0
Start importing Assets/Test Tasks/Non-Editable/PacketReceiverServer.cs using Guid(ceb88a6ff1a85bd418c34bda981af1da) Importer(815301076,1909f56bfc062723c751e8b465ee728b)  -> (artifact id: '18fbcc46bffc3451a20185af30db931c') in 0.000943 seconds 
Number of asset objects unloaded after import = 0
========================================================================
Received Import Request.
  Time since last request: 0.150288 seconds.
  path: Assets/Test Tasks/Non-Editable/PacketSenderClient.cs
  artifactKey: Guid(91efed6101d0b3a4595952374278050d) Importer(815301076,1909f56bfc062723c751e8b465ee728b)
Number of updated assets reloaded before import = 0
Start importing Assets/Test Tasks/Non-Editable/PacketSenderClient.cs using Guid(91efed6101d0b3a4595952374278050d) Importer(815301076,1909f56bfc062723c751e8b465ee728b)  -> (artifact id: '0adea50a9e979643cee6bd777940485d') in 0.000756 seconds 
Number of asset objects unloaded after import = 0
========================================================================
Received Import Request.
  Time since last request: 0.157546 seconds.
  path: Assets/Test Tasks/Non-Editable/PacketSenderServer.cs
  artifactKey: Guid(fb76bd0c6cec6094190c33782111b7a7) Importer(815301076,1909f56bfc062723c751e8b465ee728b)
Number of updated assets reloaded before import = 0
Start importing Assets/Test Tasks/Non-Editable/PacketSenderServer.cs using Guid(fb76bd0c6cec6094190c33782111b7a7) Importer(815301076,1909f56bfc062723c751e8b465ee728b)  -> (artifact id: '5e69404d14f6b3bc521aaec3c3f00981') in 0.000803 seconds 
Number of asset objects unloaded after import = 0
========================================================================
Received Import Request.
  Time since last request: 198.856688 seconds.
  path: Assets/Scenes
  artifactKey: Guid(d5ecb867e42049c4a8001bbd1c22124d) Importer(815301076,1909f56bfc062723c751e8b465ee728b)
Number of updated assets reloaded before import = 0
Start importing Assets/Scenes using Guid(d5ecb867e42049c4a8001bbd1c22124d) Importer(815301076,1909f56bfc062723c751e8b465ee728b)  -> (artifact id: '8dd1ee845f8ab2a87232c7ca47410410') in 0.000731 seconds 
Number of asset objects unloaded after import = 0
========================================================================
Received Import Request.
  Time since last request: 0.348966 seconds.
  path: Assets/Settings
  artifactKey: Guid(0220aab0833d04faeb927d84ca6cc40c) Importer(815301076,1909f56bfc062723c751e8b465ee728b)
Number of updated assets reloaded before import = 0
Start importing Assets/Settings using Guid(0220aab0833d04faeb927d84ca6cc40c) Importer(815301076,1909f56bfc062723c751e8b465ee728b)  -> (artifact id: '883c6bc56722fe6593f894f6e6030305') in 0.000799 seconds 
Number of asset objects unloaded after import = 0
========================================================================
Received Import Request.
  Time since last request: 3.496493 seconds.
  path: Assets/TextMesh Pro
  artifactKey: Guid(f54d1bd14bd3ca042bd867b519fee8cc) Importer(815301076,1909f56bfc062723c751e8b465ee728b)
Number of updated assets reloaded before import = 0
Start importing Assets/TextMesh Pro using Guid(f54d1bd14bd3ca042bd867b519fee8cc) Importer(815301076,1909f56bfc062723c751e8b465ee728b)  -> (artifact id: 'efa9b2a4d20909f4f95da91f9d55bd26') in 0.000745 seconds 
Number of asset objects unloaded after import = 0
========================================================================
Received Import Request.
  Time since last request: 4.249184 seconds.
  path: Assets
  artifactKey: Guid(00000000000000001000000000000000) Importer(815301076,1909f56bfc062723c751e8b465ee728b)
Number of updated assets reloaded before import = 0
Start importing Assets using Guid(00000000000000001000000000000000) Importer(815301076,1909f56bfc062723c751e8b465ee728b)  -> (artifact id: '242eb3f8ccddee1d20804eaa3e2360db') in 0.000773 seconds 
Number of asset objects unloaded after import = 0
========================================================================
Received Import Request.
  Time since last request: 378.167005 seconds.
  path: Assets/Test Tasks/Test Tasks.zip
  artifactKey: Guid(957b8e5b634690a4dbb1eac06f1b97d9) Importer(815301076,1909f56bfc062723c751e8b465ee728b)
Number of updated assets reloaded before import = 0
Start importing Assets/Test Tasks/Test Tasks.zip using Guid(957b8e5b634690a4dbb1eac06f1b97d9) Importer(815301076,1909f56bfc062723c751e8b465ee728b)  -> (artifact id: 'c4036b8ed17a670d7790d72d1141da61') in 0.010348 seconds 
Number of asset objects unloaded after import = 1
